<?xml version="1.0" encoding="UTF-8"?>
<!-- Generated by org.testng.reporters.JUnitXMLReporter -->
<testsuite ignored="5" hostname="DESKTOP-S1B90LE" failures="0"
	tests="1" name="Default test" time="5.203" errors="0"
	timestamp="2024-06-26T23:31:02 GMT-06:00">
	<testcase
		classname="com.naveenautomationlabs.PageTests.MyAccountPageTest"
		name="validateLoginFunctionality" time="1.04" />
	<testcase
		classname="com.naveenautomationlabs.PageTests.MyAccountPageTest"
		name="validateNewsletterSubscription" time="0.0">
		<ignored />
	</testcase> <!-- validateNewsletterSubscription -->
	<testcase
		classname="com.naveenautomationlabs.PageTests.MyAccountPageTest"
		name="validateLogoutFunctionality" time="0.0">
		<ignored />
	</testcase> <!-- validateLogoutFunctionality -->
	<testcase
		classname="com.naveenautomationlabs.PageTests.MyAccountPageTest"
		name="validateUpdateAccountInfo" time="0.0">
		<ignored />
	</testcase> <!-- validateUpdateAccountInfo -->
	<testcase
		classname="com.naveenautomationlabs.PageTests.MyAccountPageTest"
		name="validateUpdateAffiliateInfo" time="0.0">
		<ignored />
	</testcase> <!-- validateUpdateAffiliateInfo -->
	<testcase
		classname="com.naveenautomationlabs.PageTests.MyAccountPageTest"
		name="validateUpdatePassword" time="0.0">
		<ignored />
	</testcase> <!-- validateUpdatePassword -->
</testsuite> <!-- Default test -->
